<?xml version="1.0" encoding="UTF-8"?>
<testng-results skipped="0" failed="0" ignored="0" total="1" passed="1">
  <reporter-output>
  </reporter-output>
  <suite name="Suite" duration-ms="47941" started-at="2018-02-07T07:21:32Z" finished-at="2018-02-07T07:22:20Z">
    <groups>
    </groups>
    <test name="Test" duration-ms="47941" started-at="2018-02-07T07:21:32Z" finished-at="2018-02-07T07:22:20Z">
      <class name="test.TC1">
        <test-method status="PASS" signature="precondition()[pri:0, instance:test.TC1@2781e022]" name="precondition" is-config="true" duration-ms="40582" started-at="2018-02-07T12:51:32Z" finished-at="2018-02-07T12:52:13Z">
          <reporter-output>
          </reporter-output>
        </test-method> <!-- precondition -->
        <test-method status="PASS" signature="testAdd()[pri:0, instance:test.TC1@2781e022]" name="testAdd" duration-ms="6700" started-at="2018-02-07T12:52:13Z" finished-at="2018-02-07T12:52:19Z">
          <reporter-output>
          </reporter-output>
        </test-method> <!-- testAdd -->
        <test-method status="PASS" signature="postcondition()[pri:0, instance:test.TC1@2781e022]" name="postcondition" is-config="true" duration-ms="553" started-at="2018-02-07T12:52:19Z" finished-at="2018-02-07T12:52:20Z">
          <reporter-output>
          </reporter-output>
        </test-method> <!-- postcondition -->
      </class> <!-- test.TC1 -->
    </test> <!-- Test -->
  </suite> <!-- Suite -->
</testng-results>
